2021-05-12 19:30:33.035 - INFO - 77225 - azureml.train.automl._experiment_drivers.driver_utilities.modify_run_configuration:199 - Package azureml-train-automl missing from dependencies file.
2021-05-12 19:30:33.036 - INFO - 77225 - azureml.train.automl._experiment_drivers.driver_utilities.modify_run_configuration:205 - Using pinned version: azureml-train-automl==1.28.0.*
2021-05-12 19:30:33.037 - INFO - 77225 - azureml.train.automl._experiment_drivers.driver_utilities.modify_run_configuration:199 - Package pandas missing from dependencies file.
2021-05-12 19:30:33.038 - INFO - 77225 - azureml.train.automl._experiment_drivers.driver_utilities.modify_run_configuration:205 - Using pinned version: pandas==0.25.1
2021-05-12 19:30:33.043 - INFO - 77225 - azureml.train.automl._experiment_drivers.driver_utilities.modify_run_configuration:199 - Package psutil missing from dependencies file.
2021-05-12 19:30:33.044 - INFO - 77225 - azureml.train.automl._experiment_drivers.driver_utilities.modify_run_configuration:205 - Using pinned version: psutil>5.0.0,<6.0.0
2021-05-12 19:30:33.044 - INFO - 77225 - azureml.train.automl._experiment_drivers.driver_utilities.modify_run_configuration:199 - Package scikit-learn missing from dependencies file.
2021-05-12 19:30:33.045 - INFO - 77225 - azureml.train.automl._experiment_drivers.driver_utilities.modify_run_configuration:205 - Using pinned version: scikit-learn==0.22.1
2021-05-12 19:30:33.045 - INFO - 77225 - azureml.train.automl._experiment_drivers.driver_utilities.modify_run_configuration:199 - Package numpy missing from dependencies file.
2021-05-12 19:30:33.046 - INFO - 77225 - azureml.train.automl._experiment_drivers.driver_utilities.modify_run_configuration:205 - Using pinned version: numpy~=1.18.0
2021-05-12 19:30:33.047 - INFO - 77225 - azureml.train.automl._experiment_drivers.driver_utilities.modify_run_configuration:199 - Package py-xgboost missing from dependencies file.
2021-05-12 19:30:33.054 - INFO - 77225 - azureml.train.automl._experiment_drivers.driver_utilities.modify_run_configuration:205 - Using pinned version: py-xgboost<=0.90
2021-05-12 19:30:33.055 - INFO - 77225 - azureml.train.automl._experiment_drivers.driver_utilities.modify_run_configuration:199 - Package inference-schema missing from dependencies file.
2021-05-12 19:30:33.058 - INFO - 77225 - azureml.train.automl._experiment_drivers.driver_utilities.modify_run_configuration:199 - Package fbprophet missing from dependencies file.
2021-05-12 19:30:33.061 - INFO - 77225 - azureml.train.automl._experiment_drivers.driver_utilities.modify_run_configuration:205 - Using pinned version: fbprophet==0.5
2021-05-12 19:30:33.062 - INFO - 77225 - azureml.train.automl._experiment_drivers.driver_utilities.modify_run_configuration:199 - Package setuptools-git missing from dependencies file.
2021-05-12 19:30:33.063 - INFO - 77225 - azureml.automl.core.dataset_utilities._save_datasets_to_json:131 - JSON serialization of input of type <class 'NoneType'> is un-supported.
2021-05-12 19:30:33.064 - INFO - 77225 - azureml.train.automl._experiment_drivers.driver_utilities.validate_input:124 - Start data validation.
2021-05-12 19:30:36.886 - INFO - 77225 - azureml.train.automl._experiment_drivers.driver_utilities.validate_input:137 - Validation service found the data has no errors.
2021-05-12 19:30:36.887 - INFO - 77225 - azureml.train.automl._experiment_drivers.driver_utilities.create_remote_parent_run:381 - Start creating parent run.
2021-05-12 19:30:37.435 - INFO - 77225 - azureml.train.automl._experiment_drivers.driver_utilities.create_remote_parent_run:401 - [ParentRunID:AutoML_71126236-5596-45cb-bdd3-b2ef2313e93c] Remote run using input X and y.
2021-05-12 19:30:37.868 - INFO - 77225 - azureml.train.automl._experiment_drivers.driver_utilities.start_remote_run:336 - Starting a snapshot run (snapshot_id : None)
